2026-01-17T01:02:56 | touched: scripts/cli.js
2026-01-18T10:00:33 | touched: scripts/api-server.js
2026-01-17T04:37:00 | touched: README.md
2025-11-05T05:21:20 | touched: test/Rustsmart.test.js
2025-12-06T04:16:53 | touched: package.json
2025-01-31T16:28:38 | touched: scripts/deploy.js
2026-01-14T05:17:35 | touched: scripts/api-server.js
2026-01-03T00:02:18 | touched: package.json
2025-09-17T10:35:55 | touched: README.md
2025-03-09T20:58:29 | touched: LICENSE
2025-02-13T08:56:11 | touched: README.md
2025-09-20T20:56:23 | touched: scripts/api-server.js
2025-04-02T07:51:32 | touched: test/Rustsmart.test.js
2025-11-04T13:18:19 | touched: contracts/Rustsmart.sol
2025-12-15T12:43:43 | touched: .env.example
2025-06-09T11:01:41 | touched: contracts/Rustsmart.sol
2025-10-24T06:15:00 | touched: package.json
2025-12-13T14:36:59 | touched: hardhat.config.js
2025-10-30T12:48:20 | touched: scripts/interact.js
2025-12-17T08:17:01 | touched: scripts/interact.js
2025-02-26T12:02:47 | touched: scripts/frontend-integration.js
2025-05-11T17:15:44 | touched: scripts/interact.js
2025-06-05T17:22:47 | touched: contracts/Rustsmart.sol
